<?xml version="1.0" encoding="UTF-8"?>
<!-- Generated by org.testng.reporters.JUnitXMLReporter -->
<testsuite ignored="0" hostname="LAPTOP-N7QHLVQ6" failures="0" tests="3" name="Submit order Test " time="48.639" errors="0" timestamp="2025-02-10T19:06:49 IST">
  <testcase classname="rahulshettyacademy.SubmitOrderTest" name="submitOrder" time="21.326"/>
  <testcase classname="rahulshettyacademy.SubmitOrderTest" name="submitOrder" time="18.993"/>
  <testcase classname="rahulshettyacademy.SubmitOrderTest" name="OrderHistoryTest" time="0.918"/>
</testsuite> <!-- Submit order Test  -->
