<?xml version="1.0" encoding="UTF-8"?>
<!-- Generated by org.testng.reporters.JUnitXMLReporter -->
<testsuite ignored="0" hostname="LAPTOP-N7QHLVQ6" failures="0" tests="2" name="Error Validations Test" time="0.073" errors="0" timestamp="2025-02-11T21:16:41 IST">
  <testcase classname="rahulshettyacademy.ErrorValidationTest" name="LoginErrorValidation" time="0.0">
    <skipped/>
  </testcase> <!-- LoginErrorValidation -->
  <testcase classname="rahulshettyacademy.ErrorValidationTest" name="producterrorValidations" time="0.0">
    <skipped/>
  </testcase> <!-- producterrorValidations -->
</testsuite> <!-- Error Validations Test -->
