-------------------------------------------------------------------------------
Test set: TestSuite
-------------------------------------------------------------------------------
Tests run: 13, Failures: 8, Errors: 0, Skipped: 5, Time elapsed: 1.046 s <<< FAILURE! - in TestSuite
launchApplication(rahulshettyacademy.ErrorValidationTest)  Time elapsed: 0.57 s  <<< FAILURE!
java.lang.NullPointerException: Cannot invoke "org.openqa.selenium.WebDriver.manage()" because "this.driver" is null

teardown(rahulshettyacademy.ErrorValidationTest)  Time elapsed: 0.011 s  <<< FAILURE!
java.lang.NullPointerException: Cannot invoke "org.openqa.selenium.WebDriver.close()" because "this.driver" is null

launchApplication(rahulshettyacademy.ErrorValidationTest)  Time elapsed: 0.015 s  <<< FAILURE!
java.lang.NullPointerException: Cannot invoke "org.openqa.selenium.WebDriver.manage()" because "this.driver" is null

teardown(rahulshettyacademy.ErrorValidationTest)  Time elapsed: 0.001 s  <<< FAILURE!
java.lang.NullPointerException: Cannot invoke "org.openqa.selenium.WebDriver.close()" because "this.driver" is null

launchApplication(rahulshettyacademy.SubmitOrderTest)  Time elapsed: 0.181 s  <<< FAILURE!
java.lang.NullPointerException: Cannot invoke "org.openqa.selenium.WebDriver.manage()" because "this.driver" is null

teardown(rahulshettyacademy.SubmitOrderTest)  Time elapsed: 0.003 s  <<< FAILURE!
java.lang.NullPointerException: Cannot invoke "org.openqa.selenium.WebDriver.close()" because "this.driver" is null

launchApplication(rahulshettyacademy.SubmitOrderTest)  Time elapsed: 0.009 s  <<< FAILURE!
java.lang.NullPointerException: Cannot invoke "org.openqa.selenium.WebDriver.manage()" because "this.driver" is null

teardown(rahulshettyacademy.SubmitOrderTest)  Time elapsed: 0.002 s  <<< FAILURE!
java.lang.NullPointerException: Cannot invoke "org.openqa.selenium.WebDriver.close()" because "this.driver" is null

