<?xml version="1.0" encoding="UTF-8"?>
<!-- Generated by org.testng.reporters.JUnitReportReporter -->
<testsuite hostname="LAPTOP-N7QHLVQ6" failures="0" tests="3" name="rahulshettyacademy.SubmitOrderTest" time="48.172" errors="0" timestamp="2025-02-10T19:06:50 IST" skipped="0">
  <testcase classname="rahulshettyacademy.SubmitOrderTest" name="OrderHistoryTest" time="2.691"/>
  <system-out/>
  <testcase classname="rahulshettyacademy.SubmitOrderTest" name="submitOrder" time="21.523"/>
  <system-out/>
  <testcase classname="rahulshettyacademy.SubmitOrderTest" name="submitOrder" time="23.958"/>
  <system-out/>
</testsuite> <!-- rahulshettyacademy.SubmitOrderTest -->
